2018-07-29 14:32:04,190 - ResourceManager : found static\\template\\com\\zhou\\service\\Service.java.vm with loader org.apache.velocity.runtime.resource.loader.ClasspathResourceLoader
2018-07-29 14:32:04,196 - ResourceManager : found static\\template\\com\\zhou\\view\\html\\_list.html.vm with loader org.apache.velocity.runtime.resource.loader.ClasspathResourceLoader
2018-07-29 14:32:04,208 - ResourceManager : found static\\template\\com\\zhou\\view\\js\\Add_Edit.js.vm with loader org.apache.velocity.runtime.resource.loader.ClasspathResourceLoader
2018-07-29 14:32:04,215 - ResourceManager : found static\\template\\com\\zhou\\view\\js\\List.js.vm with loader org.apache.velocity.runtime.resource.loader.ClasspathResourceLoader
2018-07-29 14:37:33,576 - Log4JLogChute initialized using file 'velocity.log'
2018-07-29 14:37:33,577 - Initializing Velocity, Calling init()...
2018-07-29 14:37:33,577 - Starting Apache Velocity v1.7 (compiled: 2010-11-19 12:14:37)
2018-07-29 14:37:33,577 - Default Properties File: org\apache\velocity\runtime\defaults\velocity.properties
2018-07-29 14:37:33,577 - Trying to use logger class org.apache.velocity.runtime.log.AvalonLogChute
2018-07-29 14:37:33,577 - Target log system for org.apache.velocity.runtime.log.AvalonLogChute is not available (java.lang.NoClassDefFoundError: org/apache/log/format/Formatter).  Falling back to next log system...
2018-07-29 14:37:33,577 - Trying to use logger class org.apache.velocity.runtime.log.Log4JLogChute
2018-07-29 14:37:33,577 - Using logger class org.apache.velocity.runtime.log.Log4JLogChute
2018-07-29 14:37:33,580 - ResourceLoader instantiated: org.apache.velocity.runtime.resource.loader.ClasspathResourceLoader
2018-07-29 14:37:33,591 - ResourceCache: initialized (class org.apache.velocity.runtime.resource.ResourceCacheImpl) with class java.util.Collections$SynchronizedMap cache map.
2018-07-29 14:37:33,593 - Loaded System Directive: org.apache.velocity.runtime.directive.Stop
2018-07-29 14:37:33,594 - Loaded System Directive: org.apache.velocity.runtime.directive.Define
2018-07-29 14:37:33,595 - Loaded System Directive: org.apache.velocity.runtime.directive.Break
2018-07-29 14:37:33,596 - Loaded System Directive: org.apache.velocity.runtime.directive.Evaluate
2018-07-29 14:37:33,597 - Loaded System Directive: org.apache.velocity.runtime.directive.Literal
2018-07-29 14:37:33,598 - Loaded System Directive: org.apache.velocity.runtime.directive.Macro
2018-07-29 14:37:33,600 - Loaded System Directive: org.apache.velocity.runtime.directive.Parse
2018-07-29 14:37:33,601 - Loaded System Directive: org.apache.velocity.runtime.directive.Include
2018-07-29 14:37:33,602 - Loaded System Directive: org.apache.velocity.runtime.directive.Foreach
2018-07-29 14:37:33,637 - Created '20' parsers.
2018-07-29 14:37:33,645 - Velocimacro : "velocimacro.library" is not set.  Trying default library: VM_global_library.vm
2018-07-29 14:37:33,646 - Could not load resource 'VM_global_library.vm' from ResourceLoader org.apache.velocity.runtime.resource.loader.ClasspathResourceLoader: ClasspathResourceLoader Error: cannot find resource VM_global_library.vm
2018-07-29 14:37:33,646 - Velocimacro : Default library not found.
2018-07-29 14:37:33,646 - Velocimacro : allowInline = true : VMs can be defined inline in templates
2018-07-29 14:37:33,646 - Velocimacro : allowInlineToOverride = false : VMs defined inline may NOT replace previous VM definitions
2018-07-29 14:37:33,646 - Velocimacro : allowInlineLocal = false : VMs defined inline will be global in scope if allowed.
2018-07-29 14:37:33,646 - Velocimacro : autoload off : VM system will not automatically reload global library macros
2018-07-29 14:37:33,680 - ResourceManager : found static\\template\\com\\zhou\\controller\\Controller.java.vm with loader org.apache.velocity.runtime.resource.loader.ClasspathResourceLoader
2018-07-29 14:37:33,713 - ResourceManager : found static\\template\\com\\zhou\\entity\\.java.vm with loader org.apache.velocity.runtime.resource.loader.ClasspathResourceLoader
2018-07-29 14:37:33,859 - ResourceManager : found static\\template\\com\\zhou\\mapper\\Mapper.java.vm with loader org.apache.velocity.runtime.resource.loader.ClasspathResourceLoader
2018-07-29 14:37:33,871 - ResourceManager : found static\\template\\com\\zhou\\mybatis\\Mapper.xml.vm with loader org.apache.velocity.runtime.resource.loader.ClasspathResourceLoader
2018-07-29 14:37:33,889 - ResourceManager : found static\\template\\com\\zhou\\service\\impl\\ServiceImpl.java.vm with loader org.apache.velocity.runtime.resource.loader.ClasspathResourceLoader
2018-07-29 14:37:33,893 - ResourceManager : found static\\template\\com\\zhou\\service\\Service.java.vm with loader org.apache.velocity.runtime.resource.loader.ClasspathResourceLoader
2018-07-29 14:37:33,901 - ResourceManager : found static\\template\\com\\zhou\\view\\html\\_list.html.vm with loader org.apache.velocity.runtime.resource.loader.ClasspathResourceLoader
2018-07-29 14:37:33,918 - ResourceManager : found static\\template\\com\\zhou\\view\\js\\Add_Edit.js.vm with loader org.apache.velocity.runtime.resource.loader.ClasspathResourceLoader
2018-07-29 14:37:33,927 - ResourceManager : found static\\template\\com\\zhou\\view\\js\\List.js.vm with loader org.apache.velocity.runtime.resource.loader.ClasspathResourceLoader
2018-07-29 14:58:19,397 - Log4JLogChute initialized using file 'velocity.log'
2018-07-29 14:58:19,398 - Initializing Velocity, Calling init()...
2018-07-29 14:58:19,398 - Starting Apache Velocity v1.7 (compiled: 2010-11-19 12:14:37)
2018-07-29 14:58:19,398 - Default Properties File: org\apache\velocity\runtime\defaults\velocity.properties
2018-07-29 14:58:19,398 - Trying to use logger class org.apache.velocity.runtime.log.AvalonLogChute
2018-07-29 14:58:19,398 - Target log system for org.apache.velocity.runtime.log.AvalonLogChute is not available (java.lang.NoClassDefFoundError: org/apache/log/format/Formatter).  Falling back to next log system...
2018-07-29 14:58:19,398 - Trying to use logger class org.apache.velocity.runtime.log.Log4JLogChute
2018-07-29 14:58:19,398 - Using logger class org.apache.velocity.runtime.log.Log4JLogChute
2018-07-29 14:58:19,400 - ResourceLoader instantiated: org.apache.velocity.runtime.resource.loader.ClasspathResourceLoader
2018-07-29 14:58:19,407 - ResourceCache: initialized (class org.apache.velocity.runtime.resource.ResourceCacheImpl) with class java.util.Collections$SynchronizedMap cache map.
2018-07-29 14:58:19,410 - Loaded System Directive: org.apache.velocity.runtime.directive.Stop
2018-07-29 14:58:19,411 - Loaded System Directive: org.apache.velocity.runtime.directive.Define
2018-07-29 14:58:19,412 - Loaded System Directive: org.apache.velocity.runtime.directive.Break
2018-07-29 14:58:19,413 - Loaded System Directive: org.apache.velocity.runtime.directive.Evaluate
2018-07-29 14:58:19,414 - Loaded System Directive: org.apache.velocity.runtime.directive.Literal
2018-07-29 14:58:19,415 - Loaded System Directive: org.apache.velocity.runtime.directive.Macro
2018-07-29 14:58:19,416 - Loaded System Directive: org.apache.velocity.runtime.directive.Parse
2018-07-29 14:58:19,417 - Loaded System Directive: org.apache.velocity.runtime.directive.Include
2018-07-29 14:58:19,417 - Loaded System Directive: org.apache.velocity.runtime.directive.Foreach
2018-07-29 14:58:19,440 - Created '20' parsers.
2018-07-29 14:58:19,445 - Velocimacro : "velocimacro.library" is not set.  Trying default library: VM_global_library.vm
2018-07-29 14:58:19,446 - Could not load resource 'VM_global_library.vm' from ResourceLoader org.apache.velocity.runtime.resource.loader.ClasspathResourceLoader: ClasspathResourceLoader Error: cannot find resource VM_global_library.vm
2018-07-29 14:58:19,446 - Velocimacro : Default library not found.
2018-07-29 14:58:19,446 - Velocimacro : allowInline = true : VMs can be defined inline in templates
2018-07-29 14:58:19,446 - Velocimacro : allowInlineToOverride = false : VMs defined inline may NOT replace previous VM definitions
2018-07-29 14:58:19,446 - Velocimacro : allowInlineLocal = false : VMs defined inline will be global in scope if allowed.
2018-07-29 14:58:19,446 - Velocimacro : autoload off : VM system will not automatically reload global library macros
2018-07-29 14:58:19,465 - ResourceManager : found static\\template\\com\\zhou\\controller\\Controller.java.vm with loader org.apache.velocity.runtime.resource.loader.ClasspathResourceLoader
2018-07-29 14:58:19,484 - ResourceManager : found static\\template\\com\\zhou\\entity\\.java.vm with loader org.apache.velocity.runtime.resource.loader.ClasspathResourceLoader
2018-07-29 14:58:19,494 - ResourceManager : found static\\template\\com\\zhou\\mapper\\Mapper.java.vm with loader org.apache.velocity.runtime.resource.loader.ClasspathResourceLoader
2018-07-29 14:58:19,500 - ResourceManager : found static\\template\\com\\zhou\\mybatis\\Mapper.xml.vm with loader org.apache.velocity.runtime.resource.loader.ClasspathResourceLoader
2018-07-29 14:58:19,509 - ResourceManager : found static\\template\\com\\zhou\\service\\impl\\ServiceImpl.java.vm with loader org.apache.velocity.runtime.resource.loader.ClasspathResourceLoader
2018-07-29 14:58:19,513 - ResourceManager : found static\\template\\com\\zhou\\service\\Service.java.vm with loader org.apache.velocity.runtime.resource.loader.ClasspathResourceLoader
2018-07-29 14:58:19,518 - ResourceManager : found static\\template\\com\\zhou\\view\\html\\_list.html.vm with loader org.apache.velocity.runtime.resource.loader.ClasspathResourceLoader
2018-07-29 14:58:19,526 - ResourceManager : found static\\template\\com\\zhou\\view\\js\\Add_Edit.js.vm with loader org.apache.velocity.runtime.resource.loader.ClasspathResourceLoader
2018-07-29 14:58:19,531 - ResourceManager : found static\\template\\com\\zhou\\view\\js\\List.js.vm with loader org.apache.velocity.runtime.resource.loader.ClasspathResourceLoader
